<?xml version="1.0" encoding="UTF-8"?>
<!-- Generated by org.testng.reporters.JUnitXMLReporter -->
<testsuite hostname="LAPTOP-5SP4H5EP" ignored="0" name="Test" tests="1" failures="1" timestamp="26 Feb 2018 13:27:43 GMT" time="0.618" errors="0">
  <testcase name="login" time="0.529" classname="testNG_learn2.Login">
    <failure type="java.lang.IllegalStateException" message="The driver executable does not exist: W:\Priya\My Workspace\Sel-Jan\.\drivers\geckodriver.exe">
      <![CDATA[java.lang.IllegalStateException: The driver executable does not exist: W:\Priya\My Workspace\Sel-Jan\.\drivers\geckodriver.exeat com.google.common.base.Preconditions.checkState(Preconditions.java:534)at org.openqa.selenium.remote.service.DriverService.checkExecutable(DriverService.java:136)at org.openqa.selenium.remote.service.DriverService.findExecutable(DriverService.java:131)at org.openqa.selenium.firefox.GeckoDriverService.access$100(GeckoDriverService.java:41)at org.openqa.selenium.firefox.GeckoDriverService$Builder.findDefaultExecutable(GeckoDriverService.java:136)at org.openqa.selenium.remote.service.DriverService$Builder.build(DriverService.java:329)at org.openqa.selenium.firefox.FirefoxDriver.toExecutor(FirefoxDriver.java:158)at org.openqa.selenium.firefox.FirefoxDriver.<init>(FirefoxDriver.java:120)at org.openqa.selenium.firefox.FirefoxDriver.<init>(FirefoxDriver.java:98)at wdMethods.SeMethods.startApp(SeMethods.java:34)at testNG_learn2.Login.login(Login.java:22)... Removed 25 stack frames]]>
    </failure>
  </testcase> <!-- login -->
</testsuite> <!-- Test -->
