<?xml version="1.0" encoding="UTF-8"?>
<testng-results skipped="0" failed="1" ignored="0" total="1" passed="0">
  <reporter-output>
  </reporter-output>
  <suite name="Suite" duration-ms="618" started-at="2018-02-26T13:27:42Z" finished-at="2018-02-26T13:27:43Z">
    <groups>
    </groups>
    <test name="Test" duration-ms="618" started-at="2018-02-26T13:27:42Z" finished-at="2018-02-26T13:27:43Z">
      <class name="testNG_learn2.Login">
        <test-method status="FAIL" signature="login(java.lang.String)[pri:0, instance:testNG_learn2.Login@1440df3]" name="login" duration-ms="529" started-at="2018-02-26T18:57:42Z" finished-at="2018-02-26T18:57:43Z">
          <params>
            <param index="0">
              <value>
                <![CDATA[firefox]]>
              </value>
            </param>
          </params>
          <exception class="java.lang.IllegalStateException">
            <message>
              <![CDATA[The driver executable does not exist: W:\Priya\My Workspace\Sel-Jan\.\drivers\geckodriver.exe]]>
            </message>
            <full-stacktrace>
              <![CDATA[java.lang.IllegalStateException: The driver executable does not exist: W:\Priya\My Workspace\Sel-Jan\.\drivers\geckodriver.exeat com.google.common.base.Preconditions.checkState(Preconditions.java:534)at org.openqa.selenium.remote.service.DriverService.checkExecutable(DriverService.java:136)at org.openqa.selenium.remote.service.DriverService.findExecutable(DriverService.java:131)at org.openqa.selenium.firefox.GeckoDriverService.access$100(GeckoDriverService.java:41)at org.openqa.selenium.firefox.GeckoDriverService$Builder.findDefaultExecutable(GeckoDriverService.java:136)at org.openqa.selenium.remote.service.DriverService$Builder.build(DriverService.java:329)at org.openqa.selenium.firefox.FirefoxDriver.toExecutor(FirefoxDriver.java:158)at org.openqa.selenium.firefox.FirefoxDriver.<init>(FirefoxDriver.java:120)at org.openqa.selenium.firefox.FirefoxDriver.<init>(FirefoxDriver.java:98)at wdMethods.SeMethods.startApp(SeMethods.java:34)at testNG_learn2.Login.login(Login.java:22)at sun.reflect.NativeMethodAccessorImpl.invoke0(Native Method)at sun.reflect.NativeMethodAccessorImpl.invoke(NativeMethodAccessorImpl.java:62)at sun.reflect.DelegatingMethodAccessorImpl.invoke(DelegatingMethodAccessorImpl.java:43)at java.lang.reflect.Method.invoke(Method.java:498)at org.testng.internal.MethodInvocationHelper.invokeMethod(MethodInvocationHelper.java:124)at org.testng.internal.Invoker.invokeMethod(Invoker.java:571)at org.testng.internal.Invoker.invokeTestMethod(Invoker.java:707)at org.testng.internal.Invoker.invokeTestMethods(Invoker.java:979)at org.testng.internal.TestMethodWorker.invokeTestMethods(TestMethodWorker.java:125)at org.testng.internal.TestMethodWorker.run(TestMethodWorker.java:109)at org.testng.TestRunner.privateRun(TestRunner.java:648)at org.testng.TestRunner.run(TestRunner.java:505)at org.testng.SuiteRunner.runTest(SuiteRunner.java:455)at org.testng.SuiteRunner.runSequentially(SuiteRunner.java:450)at org.testng.SuiteRunner.privateRun(SuiteRunner.java:415)at org.testng.SuiteRunner.run(SuiteRunner.java:364)at org.testng.SuiteRunnerWorker.runSuite(SuiteRunnerWorker.java:52)at org.testng.SuiteRunnerWorker.run(SuiteRunnerWorker.java:84)at org.testng.TestNG.runSuitesSequentially(TestNG.java:1187)at org.testng.TestNG.runSuitesLocally(TestNG.java:1116)at org.testng.TestNG.runSuites(TestNG.java:1028)at org.testng.TestNG.run(TestNG.java:996)at org.testng.remote.AbstractRemoteTestNG.run(AbstractRemoteTestNG.java:114)at org.testng.remote.RemoteTestNG.initAndRun(RemoteTestNG.java:251)at org.testng.remote.RemoteTestNG.main(RemoteTestNG.java:77)]]>
            </full-stacktrace>
          </exception> <!-- java.lang.IllegalStateException -->
          <reporter-output>
          </reporter-output>
        </test-method> <!-- login -->
      </class> <!-- testNG_learn2.Login -->
    </test> <!-- Test -->
  </suite> <!-- Suite -->
</testng-results>
